2021-12-19 20:29:20 INFO  cic.cs.unb.ca.jnetpcap.worker.TrafficFlowWorker    Pcap is listening...
2021-12-19 20:29:26 DEBUG cic.cs.unb.ca.jnetpcap.FlowGenerator    FlagFIN current has 45 flow
2021-12-19 20:29:26 DEBUG cic.cs.unb.ca.jnetpcap.FlowGenerator    FlagFIN current has 44 flow
2021-12-19 20:29:27 DEBUG cic.cs.unb.ca.jnetpcap.FlowGenerator    FlagFIN current has 53 flow
2021-12-19 20:29:30 DEBUG cic.cs.unb.ca.jnetpcap.FlowGenerator    FlagFIN current has 58 flow
2021-12-19 20:29:34 DEBUG cic.cs.unb.ca.jnetpcap.FlowGenerator    FlagFIN current has 63 flow
2021-12-19 20:29:34 DEBUG cic.cs.unb.ca.jnetpcap.FlowGenerator    FlagFIN current has 63 flow
2021-12-19 20:29:34 DEBUG cic.cs.unb.ca.jnetpcap.FlowGenerator    FlagFIN current has 66 flow
2021-12-19 20:29:34 DEBUG cic.cs.unb.ca.jnetpcap.FlowGenerator    FlagFIN current has 66 flow
2021-12-19 20:29:35 DEBUG cic.cs.unb.ca.jnetpcap.FlowGenerator    FlagFIN current has 66 flow
2021-12-19 20:29:35 DEBUG cic.cs.unb.ca.jnetpcap.FlowGenerator    FlagFIN current has 66 flow
2021-12-19 20:29:35 DEBUG cic.cs.unb.ca.jnetpcap.FlowGenerator    FlagFIN current has 73 flow
2021-12-19 20:29:35 DEBUG cic.cs.unb.ca.jnetpcap.FlowGenerator    FlagFIN current has 73 flow
2021-12-19 20:29:36 DEBUG cic.cs.unb.ca.jnetpcap.FlowGenerator    FlagFIN current has 73 flow
2021-12-19 20:29:37 DEBUG cic.cs.unb.ca.jnetpcap.FlowGenerator    FlagFIN current has 84 flow
2021-12-19 20:29:37 DEBUG cic.cs.unb.ca.jnetpcap.FlowGenerator    FlagFIN current has 84 flow
2021-12-19 20:29:37 DEBUG cic.cs.unb.ca.jnetpcap.FlowGenerator    FlagFIN current has 84 flow
2021-12-19 20:29:37 DEBUG cic.cs.unb.ca.jnetpcap.FlowGenerator    FlagFIN current has 85 flow
2021-12-19 20:29:37 DEBUG cic.cs.unb.ca.jnetpcap.FlowGenerator    FlagFIN current has 84 flow
2021-12-19 20:29:37 DEBUG cic.cs.unb.ca.jnetpcap.FlowGenerator    FlagFIN current has 84 flow
2021-12-19 20:29:38 DEBUG cic.cs.unb.ca.jnetpcap.FlowGenerator    FlagFIN current has 86 flow
2021-12-19 20:29:39 DEBUG cic.cs.unb.ca.jnetpcap.FlowGenerator    FlagFIN current has 92 flow
2021-12-19 20:29:39 DEBUG cic.cs.unb.ca.jnetpcap.FlowGenerator    FlagFIN current has 93 flow
2021-12-19 20:29:45 DEBUG cic.cs.unb.ca.jnetpcap.FlowGenerator    FlagFIN current has 109 flow
2021-12-19 20:29:45 DEBUG cic.cs.unb.ca.jnetpcap.FlowGenerator    FlagFIN current has 109 flow
2021-12-19 20:30:18 DEBUG cic.cs.unb.ca.jnetpcap.FlowGenerator    FlagFIN current has 147 flow
2021-12-19 20:30:18 DEBUG cic.cs.unb.ca.jnetpcap.FlowGenerator    FlagFIN current has 148 flow
2021-12-19 20:30:18 DEBUG cic.cs.unb.ca.jnetpcap.FlowGenerator    FlagFIN current has 148 flow
2021-12-19 20:30:19 DEBUG cic.cs.unb.ca.jnetpcap.FlowGenerator    FlagFIN current has 154 flow
2021-12-19 20:30:19 DEBUG cic.cs.unb.ca.jnetpcap.FlowGenerator    FlagFIN current has 154 flow
2021-12-19 20:30:25 DEBUG cic.cs.unb.ca.jnetpcap.FlowGenerator    FlagFIN current has 168 flow
2021-12-19 20:30:27 DEBUG cic.cs.unb.ca.jnetpcap.FlowGenerator    FlagFIN current has 173 flow
2021-12-19 20:30:47 DEBUG cic.cs.unb.ca.jnetpcap.FlowGenerator    FlagFIN current has 218 flow
2021-12-19 20:30:50 DEBUG cic.cs.unb.ca.jnetpcap.FlowGenerator    FlagFIN current has 220 flow
2021-12-19 20:30:52 DEBUG cic.cs.unb.ca.jnetpcap.FlowGenerator    FlagFIN current has 222 flow
2021-12-19 20:30:54 DEBUG cic.cs.unb.ca.jnetpcap.FlowGenerator    FlagFIN current has 226 flow
2021-12-19 20:30:55 DEBUG cic.cs.unb.ca.jnetpcap.FlowGenerator    FlagFIN current has 225 flow
2021-12-19 20:30:55 DEBUG cic.cs.unb.ca.jnetpcap.FlowGenerator    FlagFIN current has 224 flow
2021-12-19 20:30:55 DEBUG cic.cs.unb.ca.jnetpcap.FlowGenerator    FlagFIN current has 225 flow
2021-12-19 20:30:55 DEBUG cic.cs.unb.ca.jnetpcap.FlowGenerator    FlagFIN current has 225 flow
2021-12-19 20:30:56 DEBUG cic.cs.unb.ca.jnetpcap.FlowGenerator    FlagFIN current has 228 flow
2021-12-19 20:30:57 DEBUG cic.cs.unb.ca.jnetpcap.FlowGenerator    FlagFIN current has 230 flow
2021-12-19 20:30:57 DEBUG cic.cs.unb.ca.jnetpcap.FlowGenerator    FlagFIN current has 230 flow
2021-12-19 20:30:57 DEBUG cic.cs.unb.ca.jnetpcap.FlowGenerator    FlagFIN current has 230 flow
2021-12-19 20:30:57 DEBUG cic.cs.unb.ca.jnetpcap.FlowGenerator    FlagFIN current has 230 flow
2021-12-19 20:31:01 DEBUG cic.cs.unb.ca.jnetpcap.FlowGenerator    FlagFIN current has 232 flow
2021-12-19 20:31:01 DEBUG cic.cs.unb.ca.jnetpcap.FlowGenerator    FlagFIN current has 232 flow
2021-12-19 20:31:03 DEBUG cic.cs.unb.ca.jnetpcap.FlowGenerator    FlagFIN current has 235 flow
2021-12-19 20:31:12 DEBUG cic.cs.unb.ca.jnetpcap.FlowGenerator    FlagFIN current has 239 flow
2021-12-19 20:31:12 DEBUG cic.cs.unb.ca.jnetpcap.FlowGenerator    FlagFIN current has 239 flow
2021-12-19 20:31:12 DEBUG cic.cs.unb.ca.jnetpcap.FlowGenerator    FlagFIN current has 240 flow
2021-12-19 20:31:16 DEBUG cic.cs.unb.ca.jnetpcap.FlowGenerator    FlagFIN current has 242 flow
2021-12-19 20:31:16 DEBUG cic.cs.unb.ca.jnetpcap.FlowGenerator    FlagFIN current has 242 flow
2021-12-19 20:31:16 DEBUG cic.cs.unb.ca.jnetpcap.FlowGenerator    FlagFIN current has 242 flow
2021-12-19 20:31:18 DEBUG cic.cs.unb.ca.jnetpcap.FlowGenerator    FlagFIN current has 246 flow
2021-12-19 20:31:19 DEBUG cic.cs.unb.ca.jnetpcap.FlowGenerator    FlagFIN current has 249 flow
2021-12-19 20:31:22 DEBUG cic.cs.unb.ca.jnetpcap.FlowGenerator    FlagFIN current has 261 flow
2021-12-19 20:31:22 DEBUG cic.cs.unb.ca.jnetpcap.FlowGenerator    FlagFIN current has 264 flow
2021-12-19 20:31:23 DEBUG cic.cs.unb.ca.jnetpcap.FlowGenerator    FlagFIN current has 266 flow
2021-12-19 20:31:31 DEBUG cic.cs.unb.ca.jnetpcap.FlowGenerator    FlagFIN current has 270 flow
2021-12-19 20:31:32 DEBUG cic.cs.unb.ca.jnetpcap.FlowGenerator    FlagFIN current has 270 flow
2021-12-19 20:31:45 DEBUG cic.cs.unb.ca.jnetpcap.FlowGenerator    FlagFIN current has 277 flow
2021-12-19 20:31:59 DEBUG cic.cs.unb.ca.jnetpcap.FlowGenerator    FlagFIN current has 290 flow
2021-12-19 20:31:59 DEBUG cic.cs.unb.ca.jnetpcap.FlowGenerator    FlagFIN current has 289 flow
2021-12-19 20:32:00 DEBUG cic.cs.unb.ca.jnetpcap.FlowGenerator    FlagFIN current has 290 flow
2021-12-19 20:32:00 DEBUG cic.cs.unb.ca.jnetpcap.FlowGenerator    FlagFIN current has 292 flow
2021-12-19 20:32:01 DEBUG cic.cs.unb.ca.jnetpcap.FlowGenerator    FlagFIN current has 292 flow
2021-12-19 20:32:10 DEBUG cic.cs.unb.ca.jnetpcap.FlowGenerator    FlagFIN current has 306 flow
2021-12-19 20:32:13 DEBUG cic.cs.unb.ca.jnetpcap.FlowGenerator    FlagFIN current has 307 flow
2021-12-19 20:32:13 DEBUG cic.cs.unb.ca.jnetpcap.FlowGenerator    FlagFIN current has 307 flow
2021-12-19 20:32:15 DEBUG cic.cs.unb.ca.jnetpcap.FlowGenerator    FlagFIN current has 310 flow
2021-12-19 20:32:15 DEBUG cic.cs.unb.ca.jnetpcap.FlowGenerator    FlagFIN current has 310 flow
2021-12-19 20:32:15 DEBUG cic.cs.unb.ca.jnetpcap.FlowGenerator    FlagFIN current has 310 flow
2021-12-19 20:32:18 DEBUG cic.cs.unb.ca.jnetpcap.FlowGenerator    FlagFIN current has 314 flow
2021-12-19 20:32:18 DEBUG cic.cs.unb.ca.jnetpcap.FlowGenerator    FlagFIN current has 314 flow
2021-12-19 20:32:18 DEBUG cic.cs.unb.ca.jnetpcap.FlowGenerator    FlagFIN current has 315 flow
2021-12-19 20:32:18 DEBUG cic.cs.unb.ca.jnetpcap.FlowGenerator    FlagFIN current has 315 flow
2021-12-19 20:32:18 DEBUG cic.cs.unb.ca.jnetpcap.FlowGenerator    FlagFIN current has 315 flow
2021-12-19 20:32:21 DEBUG cic.cs.unb.ca.jnetpcap.FlowGenerator    FlagFIN current has 318 flow
2021-12-19 20:32:21 DEBUG cic.cs.unb.ca.jnetpcap.FlowGenerator    FlagFIN current has 317 flow
2021-12-19 20:32:22 DEBUG cic.cs.unb.ca.jnetpcap.FlowGenerator    FlagFIN current has 317 flow
2021-12-19 20:32:22 DEBUG cic.cs.unb.ca.jnetpcap.FlowGenerator    FlagFIN current has 317 flow
2021-12-19 20:32:23 DEBUG cic.cs.unb.ca.jnetpcap.FlowGenerator    FlagFIN current has 317 flow
2021-12-19 20:32:28 DEBUG cic.cs.unb.ca.jnetpcap.FlowGenerator    FlagFIN current has 322 flow
2021-12-19 20:32:29 DEBUG cic.cs.unb.ca.jnetpcap.FlowGenerator    FlagFIN current has 325 flow
2021-12-19 20:32:29 DEBUG cic.cs.unb.ca.jnetpcap.FlowGenerator    FlagFIN current has 324 flow
2021-12-19 20:32:30 DEBUG cic.cs.unb.ca.jnetpcap.FlowGenerator    FlagFIN current has 325 flow
2021-12-19 20:32:32 DEBUG cic.cs.unb.ca.jnetpcap.FlowGenerator    FlagFIN current has 327 flow
2021-12-19 20:32:33 DEBUG cic.cs.unb.ca.jnetpcap.FlowGenerator    FlagFIN current has 330 flow
2021-12-19 20:32:33 DEBUG cic.cs.unb.ca.jnetpcap.FlowGenerator    FlagFIN current has 330 flow
2021-12-19 20:32:39 DEBUG cic.cs.unb.ca.jnetpcap.FlowGenerator    FlagFIN current has 336 flow
2021-12-19 20:32:49 DEBUG cic.cs.unb.ca.jnetpcap.FlowGenerator    FlagFIN current has 341 flow
2021-12-19 20:32:51 DEBUG cic.cs.unb.ca.jnetpcap.FlowGenerator    FlagFIN current has 342 flow
2021-12-19 20:32:51 DEBUG cic.cs.unb.ca.jnetpcap.FlowGenerator    FlagFIN current has 343 flow
2021-12-19 20:32:53 DEBUG cic.cs.unb.ca.jnetpcap.FlowGenerator    Timeout current has 350 flow
2021-12-19 20:32:54 DEBUG cic.cs.unb.ca.jnetpcap.FlowGenerator    Timeout current has 350 flow
2021-12-19 20:32:55 DEBUG cic.cs.unb.ca.jnetpcap.FlowGenerator    Timeout current has 350 flow
2021-12-19 20:32:57 DEBUG cic.cs.unb.ca.jnetpcap.FlowGenerator    FlagFIN current has 353 flow
2021-12-19 20:32:57 DEBUG cic.cs.unb.ca.jnetpcap.FlowGenerator    FlagFIN current has 352 flow
2021-12-19 20:32:58 DEBUG cic.cs.unb.ca.jnetpcap.FlowGenerator    FlagFIN current has 353 flow
2021-12-19 20:32:58 DEBUG cic.cs.unb.ca.jnetpcap.FlowGenerator    FlagFIN current has 353 flow
2021-12-19 20:32:58 DEBUG cic.cs.unb.ca.jnetpcap.FlowGenerator    FlagFIN current has 353 flow
2021-12-19 20:33:00 DEBUG cic.cs.unb.ca.jnetpcap.FlowGenerator    FlagFIN current has 356 flow
2021-12-19 20:33:00 DEBUG cic.cs.unb.ca.jnetpcap.FlowGenerator    FlagFIN current has 358 flow
2021-12-19 20:33:00 DEBUG cic.cs.unb.ca.jnetpcap.FlowGenerator    FlagFIN current has 358 flow
2021-12-19 20:33:01 DEBUG cic.cs.unb.ca.jnetpcap.FlowGenerator    FlagFIN current has 358 flow
2021-12-19 20:33:02 DEBUG cic.cs.unb.ca.jnetpcap.FlowGenerator    FlagFIN current has 358 flow
2021-12-19 20:33:05 DEBUG cic.cs.unb.ca.jnetpcap.FlowGenerator    FlagFIN current has 369 flow
2021-12-19 20:33:10 DEBUG cic.cs.unb.ca.jnetpcap.FlowGenerator    FlagFIN current has 373 flow
2021-12-19 20:33:15 DEBUG cic.cs.unb.ca.jnetpcap.FlowGenerator    FlagFIN current has 380 flow
2021-12-19 20:33:16 DEBUG cic.cs.unb.ca.jnetpcap.FlowGenerator    FlagFIN current has 380 flow
2021-12-19 20:33:19 DEBUG cic.cs.unb.ca.jnetpcap.FlowGenerator    FlagFIN current has 384 flow
2021-12-19 20:33:24 DEBUG cic.cs.unb.ca.jnetpcap.FlowGenerator    FlagFIN current has 391 flow
2021-12-19 20:33:25 DEBUG cic.cs.unb.ca.jnetpcap.FlowGenerator    FlagFIN current has 391 flow
2021-12-19 20:33:25 DEBUG cic.cs.unb.ca.jnetpcap.FlowGenerator    FlagFIN current has 392 flow
2021-12-19 20:33:25 DEBUG cic.cs.unb.ca.jnetpcap.FlowGenerator    FlagFIN current has 392 flow
2021-12-19 20:33:26 DEBUG cic.cs.unb.ca.jnetpcap.FlowGenerator    FlagFIN current has 395 flow
2021-12-19 20:33:26 DEBUG cic.cs.unb.ca.jnetpcap.FlowGenerator    FlagFIN current has 401 flow
2021-12-19 20:33:26 DEBUG cic.cs.unb.ca.jnetpcap.FlowGenerator    Timeout current has 400 flow
2021-12-19 20:33:27 DEBUG cic.cs.unb.ca.jnetpcap.FlowGenerator    FlagFIN current has 406 flow
2021-12-19 20:33:28 DEBUG cic.cs.unb.ca.jnetpcap.FlowGenerator    FlagFIN current has 406 flow
2021-12-19 20:33:29 DEBUG cic.cs.unb.ca.jnetpcap.FlowGenerator    FlagFIN current has 413 flow
2021-12-19 20:33:29 DEBUG cic.cs.unb.ca.jnetpcap.FlowGenerator    FlagFIN current has 413 flow
2021-12-19 20:33:29 DEBUG cic.cs.unb.ca.jnetpcap.FlowGenerator    FlagFIN current has 414 flow
2021-12-19 20:33:31 DEBUG cic.cs.unb.ca.jnetpcap.FlowGenerator    FlagFIN current has 416 flow
2021-12-19 20:33:39 DEBUG cic.cs.unb.ca.jnetpcap.FlowGenerator    FlagFIN current has 429 flow
2021-12-19 20:33:41 DEBUG cic.cs.unb.ca.jnetpcap.FlowGenerator    FlagFIN current has 432 flow
2021-12-19 20:33:48 DEBUG cic.cs.unb.ca.jnetpcap.FlowGenerator    FlagFIN current has 437 flow
2021-12-19 20:33:49 DEBUG cic.cs.unb.ca.jnetpcap.FlowGenerator    FlagFIN current has 437 flow
2021-12-19 20:33:54 DEBUG cic.cs.unb.ca.jnetpcap.FlowGenerator    FlagFIN current has 448 flow
2021-12-19 20:33:56 DEBUG cic.cs.unb.ca.jnetpcap.FlowGenerator    FlagFIN current has 449 flow
2021-12-19 20:34:05 DEBUG cic.cs.unb.ca.jnetpcap.FlowGenerator    FlagFIN current has 471 flow
2021-12-19 20:34:06 DEBUG cic.cs.unb.ca.jnetpcap.FlowGenerator    FlagFIN current has 472 flow
2021-12-19 20:34:07 DEBUG cic.cs.unb.ca.jnetpcap.FlowGenerator    FlagFIN current has 472 flow
2021-12-19 20:34:09 DEBUG cic.cs.unb.ca.jnetpcap.FlowGenerator    FlagFIN current has 474 flow
2021-12-19 20:34:09 DEBUG cic.cs.unb.ca.jnetpcap.FlowGenerator    FlagFIN current has 474 flow
2021-12-19 20:34:09 DEBUG cic.cs.unb.ca.jnetpcap.FlowGenerator    FlagFIN current has 475 flow
2021-12-19 20:34:14 DEBUG cic.cs.unb.ca.jnetpcap.FlowGenerator    FlagFIN current has 494 flow
2021-12-19 20:34:16 DEBUG cic.cs.unb.ca.jnetpcap.FlowGenerator    FlagFIN current has 496 flow
2021-12-19 20:34:16 DEBUG cic.cs.unb.ca.jnetpcap.FlowGenerator    FlagFIN current has 496 flow
2021-12-19 20:34:17 INFO  cic.cs.unb.ca.flow.ui.FlowMonitorPane    Pcap stop listening
2021-12-19 20:34:17 INFO  cic.cs.unb.ca.flow.ui.FlowMonitorPane    path:F:\CICFlowMeter-4.0\bin\data\daily\2021-12-19_Flow.csv
2021-12-19 20:34:19 DEBUG cic.cs.unb.ca.jnetpcap.worker.TrafficFlowWorker    break Packet loop
2021-12-19 20:40:47 INFO  cic.cs.unb.ca.jnetpcap.worker.TrafficFlowWorker    Pcap is listening...
2021-12-19 20:40:49 DEBUG cic.cs.unb.ca.jnetpcap.FlowGenerator    FlagFIN current has 5 flow
2021-12-19 20:40:49 DEBUG cic.cs.unb.ca.jnetpcap.FlowGenerator    FlagFIN current has 5 flow
2021-12-19 20:40:49 DEBUG cic.cs.unb.ca.jnetpcap.FlowGenerator    FlagFIN current has 5 flow
2021-12-19 20:40:54 DEBUG cic.cs.unb.ca.jnetpcap.FlowGenerator    FlagFIN current has 9 flow
2021-12-19 20:40:54 DEBUG cic.cs.unb.ca.jnetpcap.FlowGenerator    FlagFIN current has 10 flow
2021-12-19 20:40:55 DEBUG cic.cs.unb.ca.jnetpcap.FlowGenerator    FlagFIN current has 18 flow
2021-12-19 20:41:00 DEBUG cic.cs.unb.ca.jnetpcap.FlowGenerator    FlagFIN current has 26 flow
2021-12-19 20:41:02 DEBUG cic.cs.unb.ca.jnetpcap.FlowGenerator    FlagFIN current has 38 flow
2021-12-19 20:41:02 DEBUG cic.cs.unb.ca.jnetpcap.FlowGenerator    FlagFIN current has 38 flow
2021-12-19 20:41:20 DEBUG cic.cs.unb.ca.jnetpcap.FlowGenerator    FlagFIN current has 55 flow
2021-12-19 20:41:21 INFO  cic.cs.unb.ca.flow.ui.FlowMonitorPane    Pcap stop listening
2021-12-19 20:41:22 INFO  cic.cs.unb.ca.flow.ui.FlowMonitorPane    path:F:\CICFlowMeter-4.0\bin\data\daily\2021-12-19_Flow.csv
2021-12-19 20:41:25 DEBUG cic.cs.unb.ca.jnetpcap.worker.TrafficFlowWorker    break Packet loop
2023-04-02 20:08:11 DEBUG cic.cs.unb.ca.flow.ui.FlowMonitorPane    java.lang.UnsatisfiedLinkError: 'long com.slytechs.library.NativeLibrary.dlopen(java.lang.String)'
2023-04-02 20:08:11 DEBUG cic.cs.unb.ca.flow.ui.FlowMonitorPane    java.lang.UnsatisfiedLinkError: 'long com.slytechs.library.NativeLibrary.dlopen(java.lang.String)'
2023-04-02 20:12:19 DEBUG cic.cs.unb.ca.flow.ui.FlowMonitorPane    java.lang.UnsatisfiedLinkError: 'long com.slytechs.library.NativeLibrary.dlopen(java.lang.String)'
2023-04-02 20:12:19 DEBUG cic.cs.unb.ca.flow.ui.FlowMonitorPane    java.lang.UnsatisfiedLinkError: 'long com.slytechs.library.NativeLibrary.dlopen(java.lang.String)'
2023-04-02 20:12:22 DEBUG cic.cs.unb.ca.flow.ui.FlowMonitorPane    java.lang.NoClassDefFoundError: Could not initialize class org.jnetpcap.Pcap
2023-04-02 20:12:22 DEBUG cic.cs.unb.ca.flow.ui.FlowMonitorPane    java.lang.NoClassDefFoundError: Could not initialize class org.jnetpcap.Pcap
2023-04-02 20:12:22 DEBUG cic.cs.unb.ca.flow.ui.FlowMonitorPane    java.lang.NoClassDefFoundError: Could not initialize class org.jnetpcap.Pcap
2023-04-02 20:12:22 DEBUG cic.cs.unb.ca.flow.ui.FlowMonitorPane    java.lang.NoClassDefFoundError: Could not initialize class org.jnetpcap.Pcap
2023-04-02 20:12:22 DEBUG cic.cs.unb.ca.flow.ui.FlowMonitorPane    java.lang.NoClassDefFoundError: Could not initialize class org.jnetpcap.Pcap
2023-04-02 20:12:22 DEBUG cic.cs.unb.ca.flow.ui.FlowMonitorPane    java.lang.NoClassDefFoundError: Could not initialize class org.jnetpcap.Pcap
2023-04-02 20:12:22 DEBUG cic.cs.unb.ca.flow.ui.FlowMonitorPane    java.lang.NoClassDefFoundError: Could not initialize class org.jnetpcap.Pcap
2023-04-02 20:12:22 DEBUG cic.cs.unb.ca.flow.ui.FlowMonitorPane    java.lang.NoClassDefFoundError: Could not initialize class org.jnetpcap.Pcap
2023-04-02 20:12:24 DEBUG cic.cs.unb.ca.flow.ui.FlowMonitorPane    java.lang.NoClassDefFoundError: Could not initialize class org.jnetpcap.Pcap
2023-04-02 20:12:24 DEBUG cic.cs.unb.ca.flow.ui.FlowMonitorPane    java.lang.NoClassDefFoundError: Could not initialize class org.jnetpcap.Pcap
2023-04-02 20:12:26 DEBUG cic.cs.unb.ca.flow.ui.FlowMonitorPane    java.lang.NoClassDefFoundError: Could not initialize class org.jnetpcap.Pcap
2023-04-02 20:12:26 DEBUG cic.cs.unb.ca.flow.ui.FlowMonitorPane    java.lang.NoClassDefFoundError: Could not initialize class org.jnetpcap.Pcap
2023-04-02 20:12:26 DEBUG cic.cs.unb.ca.flow.ui.FlowMonitorPane    java.lang.NoClassDefFoundError: Could not initialize class org.jnetpcap.Pcap
2023-04-02 20:12:26 DEBUG cic.cs.unb.ca.flow.ui.FlowMonitorPane    java.lang.NoClassDefFoundError: Could not initialize class org.jnetpcap.Pcap
2023-04-02 20:12:26 DEBUG cic.cs.unb.ca.flow.ui.FlowMonitorPane    java.lang.NoClassDefFoundError: Could not initialize class org.jnetpcap.Pcap
2023-04-02 20:12:26 DEBUG cic.cs.unb.ca.flow.ui.FlowMonitorPane    java.lang.NoClassDefFoundError: Could not initialize class org.jnetpcap.Pcap
2023-04-02 20:12:28 DEBUG cic.cs.unb.ca.flow.ui.FlowMonitorPane    java.lang.NoClassDefFoundError: Could not initialize class org.jnetpcap.Pcap
2023-04-02 20:12:28 DEBUG cic.cs.unb.ca.flow.ui.FlowMonitorPane    java.lang.NoClassDefFoundError: Could not initialize class org.jnetpcap.Pcap
2023-04-02 20:12:28 DEBUG cic.cs.unb.ca.flow.ui.FlowMonitorPane    java.lang.NoClassDefFoundError: Could not initialize class org.jnetpcap.Pcap
2023-04-02 20:12:28 DEBUG cic.cs.unb.ca.flow.ui.FlowMonitorPane    java.lang.NoClassDefFoundError: Could not initialize class org.jnetpcap.Pcap
2023-04-02 20:12:28 DEBUG cic.cs.unb.ca.flow.ui.FlowMonitorPane    java.lang.NoClassDefFoundError: Could not initialize class org.jnetpcap.Pcap
2023-04-02 20:12:28 DEBUG cic.cs.unb.ca.flow.ui.FlowMonitorPane    java.lang.NoClassDefFoundError: Could not initialize class org.jnetpcap.Pcap
2023-04-02 20:12:28 DEBUG cic.cs.unb.ca.flow.ui.FlowMonitorPane    java.lang.NoClassDefFoundError: Could not initialize class org.jnetpcap.Pcap
2023-04-02 20:12:28 DEBUG cic.cs.unb.ca.flow.ui.FlowMonitorPane    java.lang.NoClassDefFoundError: Could not initialize class org.jnetpcap.Pcap
2023-04-02 20:12:28 DEBUG cic.cs.unb.ca.flow.ui.FlowMonitorPane    java.lang.NoClassDefFoundError: Could not initialize class org.jnetpcap.Pcap
2023-04-02 20:12:28 DEBUG cic.cs.unb.ca.flow.ui.FlowMonitorPane    java.lang.NoClassDefFoundError: Could not initialize class org.jnetpcap.Pcap
2023-04-02 20:12:28 DEBUG cic.cs.unb.ca.flow.ui.FlowMonitorPane    java.lang.NoClassDefFoundError: Could not initialize class org.jnetpcap.Pcap
2023-04-02 20:12:28 DEBUG cic.cs.unb.ca.flow.ui.FlowMonitorPane    java.lang.NoClassDefFoundError: Could not initialize class org.jnetpcap.Pcap
2023-04-02 20:12:29 DEBUG cic.cs.unb.ca.flow.ui.FlowMonitorPane    java.lang.NoClassDefFoundError: Could not initialize class org.jnetpcap.Pcap
2023-04-02 20:12:29 DEBUG cic.cs.unb.ca.flow.ui.FlowMonitorPane    java.lang.NoClassDefFoundError: Could not initialize class org.jnetpcap.Pcap
2023-04-02 20:12:51 DEBUG cic.cs.unb.ca.flow.ui.FlowMonitorPane    java.lang.NoClassDefFoundError: Could not initialize class org.jnetpcap.Pcap
2023-04-02 20:12:51 DEBUG cic.cs.unb.ca.flow.ui.FlowMonitorPane    java.lang.NoClassDefFoundError: Could not initialize class org.jnetpcap.Pcap
2023-04-02 20:12:51 DEBUG cic.cs.unb.ca.flow.ui.FlowMonitorPane    java.lang.NoClassDefFoundError: Could not initialize class org.jnetpcap.Pcap
2023-04-02 20:12:51 DEBUG cic.cs.unb.ca.flow.ui.FlowMonitorPane    java.lang.NoClassDefFoundError: Could not initialize class org.jnetpcap.Pcap
2023-04-02 20:12:53 DEBUG cic.cs.unb.ca.flow.ui.FlowMonitorPane    java.lang.NoClassDefFoundError: Could not initialize class org.jnetpcap.Pcap
2023-04-02 20:12:53 DEBUG cic.cs.unb.ca.flow.ui.FlowMonitorPane    java.lang.NoClassDefFoundError: Could not initialize class org.jnetpcap.Pcap
2023-04-02 20:12:54 DEBUG cic.cs.unb.ca.flow.ui.FlowMonitorPane    java.lang.NoClassDefFoundError: Could not initialize class org.jnetpcap.Pcap
2023-04-02 20:12:54 DEBUG cic.cs.unb.ca.flow.ui.FlowMonitorPane    java.lang.NoClassDefFoundError: Could not initialize class org.jnetpcap.Pcap
2023-04-02 20:12:54 DEBUG cic.cs.unb.ca.flow.ui.FlowMonitorPane    java.lang.NoClassDefFoundError: Could not initialize class org.jnetpcap.Pcap
2023-04-02 20:12:54 DEBUG cic.cs.unb.ca.flow.ui.FlowMonitorPane    java.lang.NoClassDefFoundError: Could not initialize class org.jnetpcap.Pcap
2023-04-02 20:12:54 DEBUG cic.cs.unb.ca.flow.ui.FlowMonitorPane    java.lang.NoClassDefFoundError: Could not initialize class org.jnetpcap.Pcap
2023-04-02 20:12:54 DEBUG cic.cs.unb.ca.flow.ui.FlowMonitorPane    java.lang.NoClassDefFoundError: Could not initialize class org.jnetpcap.Pcap
2023-04-02 20:12:54 DEBUG cic.cs.unb.ca.flow.ui.FlowMonitorPane    java.lang.NoClassDefFoundError: Could not initialize class org.jnetpcap.Pcap
2023-04-02 20:12:54 DEBUG cic.cs.unb.ca.flow.ui.FlowMonitorPane    java.lang.NoClassDefFoundError: Could not initialize class org.jnetpcap.Pcap
2023-04-02 20:12:55 DEBUG cic.cs.unb.ca.flow.ui.FlowMonitorPane    java.lang.NoClassDefFoundError: Could not initialize class org.jnetpcap.Pcap
2023-04-02 20:12:55 DEBUG cic.cs.unb.ca.flow.ui.FlowMonitorPane    java.lang.NoClassDefFoundError: Could not initialize class org.jnetpcap.Pcap
2023-04-02 20:12:55 DEBUG cic.cs.unb.ca.flow.ui.FlowMonitorPane    java.lang.NoClassDefFoundError: Could not initialize class org.jnetpcap.Pcap
2023-04-02 20:12:55 DEBUG cic.cs.unb.ca.flow.ui.FlowMonitorPane    java.lang.NoClassDefFoundError: Could not initialize class org.jnetpcap.Pcap
2023-04-02 20:12:55 DEBUG cic.cs.unb.ca.flow.ui.FlowMonitorPane    java.lang.NoClassDefFoundError: Could not initialize class org.jnetpcap.Pcap
2023-04-02 20:12:55 DEBUG cic.cs.unb.ca.flow.ui.FlowMonitorPane    java.lang.NoClassDefFoundError: Could not initialize class org.jnetpcap.Pcap
2023-04-02 20:12:55 DEBUG cic.cs.unb.ca.flow.ui.FlowMonitorPane    java.lang.NoClassDefFoundError: Could not initialize class org.jnetpcap.Pcap
2023-04-02 20:12:55 DEBUG cic.cs.unb.ca.flow.ui.FlowMonitorPane    java.lang.NoClassDefFoundError: Could not initialize class org.jnetpcap.Pcap
2023-04-02 20:12:55 DEBUG cic.cs.unb.ca.flow.ui.FlowMonitorPane    java.lang.NoClassDefFoundError: Could not initialize class org.jnetpcap.Pcap
2023-04-02 20:12:55 DEBUG cic.cs.unb.ca.flow.ui.FlowMonitorPane    java.lang.NoClassDefFoundError: Could not initialize class org.jnetpcap.Pcap
2023-04-02 20:12:56 DEBUG cic.cs.unb.ca.flow.ui.FlowMonitorPane    java.lang.NoClassDefFoundError: Could not initialize class org.jnetpcap.Pcap
2023-04-02 20:12:56 DEBUG cic.cs.unb.ca.flow.ui.FlowMonitorPane    java.lang.NoClassDefFoundError: Could not initialize class org.jnetpcap.Pcap
2023-04-02 20:14:56 DEBUG swing.common.SwingUtils    C:\Users\TribeConnect\Downloads\cicflowmeter\bin\data (Access is denied)
2023-04-02 20:14:56 DEBUG swing.common.SwingUtils    C:\Users\TribeConnect\Downloads\cicflowmeter\bin\logs (Access is denied)
2023-04-02 20:15:04 INFO  cic.cs.unb.ca.ifm.Cmd    Please select pcap!
2023-04-02 20:24:48 INFO  cic.cs.unb.ca.jnetpcap.worker.TrafficFlowWorker    Pcap is listening...
2023-04-02 20:26:08 INFO  cic.cs.unb.ca.flow.ui.FlowMonitorPane    Pcap stop listening
2023-04-02 20:26:08 INFO  cic.cs.unb.ca.flow.ui.FlowMonitorPane    path:C:\Users\TribeConnect\Downloads\cicflowmeter\bin\data\daily\2023-04-02_Flow.csv
2023-04-02 20:26:11 INFO  cic.cs.unb.ca.jnetpcap.worker.TrafficFlowWorker    Pcap is listening...
2023-04-02 20:27:19 INFO  cic.cs.unb.ca.flow.ui.FlowMonitorPane    Pcap stop listening
2023-04-02 20:27:19 INFO  cic.cs.unb.ca.flow.ui.FlowMonitorPane    path:C:\Users\TribeConnect\Downloads\cicflowmeter\bin\data\daily\2023-04-02_Flow.csv
2023-04-02 20:27:20 INFO  cic.cs.unb.ca.jnetpcap.worker.TrafficFlowWorker    Pcap is listening...
2023-04-02 20:27:22 INFO  cic.cs.unb.ca.flow.ui.FlowMonitorPane    Pcap stop listening
2023-04-02 20:27:22 INFO  cic.cs.unb.ca.flow.ui.FlowMonitorPane    path:C:\Users\TribeConnect\Downloads\cicflowmeter\bin\data\daily\2023-04-02_Flow.csv
2024-01-04 21:55:42 INFO  cic.cs.unb.ca.jnetpcap.worker.TrafficFlowWorker    Pcap is listening...
2024-01-04 21:55:52 DEBUG cic.cs.unb.ca.jnetpcap.FlowGenerator    FlagFIN current has 27 flow
2024-01-04 21:55:52 DEBUG cic.cs.unb.ca.jnetpcap.FlowGenerator    FlagFIN current has 26 flow
2024-01-04 21:55:52 DEBUG cic.cs.unb.ca.jnetpcap.FlowGenerator    FlagFIN current has 25 flow
2024-01-04 21:55:52 DEBUG cic.cs.unb.ca.jnetpcap.FlowGenerator    FlagFIN current has 29 flow
2024-01-04 21:55:52 DEBUG cic.cs.unb.ca.jnetpcap.FlowGenerator    FlagFIN current has 28 flow
2024-01-04 21:55:52 DEBUG cic.cs.unb.ca.jnetpcap.FlowGenerator    FlagFIN current has 27 flow
2024-01-04 21:55:55 DEBUG cic.cs.unb.ca.jnetpcap.FlowGenerator    FlagFIN current has 61 flow
2024-01-04 21:55:55 DEBUG cic.cs.unb.ca.jnetpcap.FlowGenerator    FlagFIN current has 60 flow
2024-01-04 21:55:55 DEBUG cic.cs.unb.ca.jnetpcap.FlowGenerator    FlagFIN current has 59 flow
2024-01-04 21:56:15 INFO  cic.cs.unb.ca.flow.ui.FlowMonitorPane    Pcap stop listening
2024-01-04 21:56:15 INFO  cic.cs.unb.ca.flow.ui.FlowMonitorPane    path:C:\Users\Dinesh M\Downloads\CICFlowmeter\bin\data\daily\2024-01-04_Flow.csv
2024-01-04 21:56:18 DEBUG cic.cs.unb.ca.jnetpcap.worker.TrafficFlowWorker    break Packet loop
2024-01-04 21:59:10 DEBUG cic.cs.unb.ca.flow.ui.FlowOfflinePane    offline select output C:\Users\Dinesh M\Downloads\CICFlowmeter\bin\data\daily
2024-01-04 21:59:16 DEBUG cic.cs.unb.ca.jnetpcap.Utils    "C:\Program Files\Wireshark\capture.pcap" (The filename, directory name, or volume label syntax is incorrect)
2024-01-04 21:59:34 DEBUG cic.cs.unb.ca.jnetpcap.worker.ReadPcapFileWorker    Working on... C:\Program Files\Wireshark\capture.pcap
2024-01-04 21:59:34 DEBUG cic.cs.unb.ca.jnetpcap.PacketReader    Read All packets on C:\Program Files\Wireshark\capture.pcap
2024-01-04 21:59:36 DEBUG cic.cs.unb.ca.jnetpcap.worker.ReadPcapFileWorker    Working on... C:\Program Files\Wireshark\capture.pcap
2024-01-04 21:59:36 DEBUG cic.cs.unb.ca.jnetpcap.PacketReader    Read All packets on C:\Program Files\Wireshark\capture.pcap
2024-01-04 22:29:43 INFO  cic.cs.unb.ca.jnetpcap.worker.TrafficFlowWorker    Pcap is listening...
2024-01-04 22:30:10 INFO  cic.cs.unb.ca.flow.ui.FlowMonitorPane    Pcap stop listening
2024-01-04 22:30:10 INFO  cic.cs.unb.ca.flow.ui.FlowMonitorPane    path:C:\Users\Dinesh M\Downloads\CICFlowmeter\bin\data\daily\2024-01-04_Flow.csv
2024-01-04 22:30:19 INFO  cic.cs.unb.ca.jnetpcap.worker.TrafficFlowWorker    Pcap is listening...
2024-01-04 22:30:56 INFO  cic.cs.unb.ca.flow.ui.FlowMonitorPane    Pcap stop listening
2024-01-04 22:30:56 INFO  cic.cs.unb.ca.flow.ui.FlowMonitorPane    path:C:\Users\Dinesh M\Downloads\CICFlowmeter\bin\data\daily\2024-01-04_Flow.csv
2024-01-04 22:32:29 INFO  cic.cs.unb.ca.jnetpcap.worker.TrafficFlowWorker    Pcap is listening...
2024-01-04 22:32:33 INFO  cic.cs.unb.ca.flow.ui.FlowMonitorPane    Pcap stop listening
2024-01-04 22:32:33 INFO  cic.cs.unb.ca.flow.ui.FlowMonitorPane    path:C:\Users\Dinesh M\Downloads\CICFlowmeter\bin\data\daily\2024-01-04_Flow.csv
2024-01-04 22:32:48 INFO  cic.cs.unb.ca.jnetpcap.worker.TrafficFlowWorker    Pcap is listening...
2024-01-04 22:38:38 DEBUG swing.common.SwingUtils    C:\DumpStack.log (Access is denied)
2024-01-04 22:39:26 DEBUG cic.cs.unb.ca.flow.ui.FlowOfflinePane    offline select input C:\Program Files\Wireshark\capture.pcapng
2024-01-04 22:40:12 DEBUG cic.cs.unb.ca.flow.ui.FlowOfflinePane    offline select output C:\Users\Dinesh M\Downloads\CICFlowmeter\bin\data\daily
2024-01-04 22:42:22 DEBUG swing.common.SwingUtils    C:\DumpStack.log (Access is denied)
2024-01-04 22:42:31 DEBUG swing.common.SwingUtils    C:\DumpStack.log (Access is denied)
2024-01-04 22:42:45 DEBUG cic.cs.unb.ca.flow.ui.FlowOfflinePane    offline select input C:\Program Files\Wireshark\04_01.pcap
2024-01-04 22:42:49 DEBUG cic.cs.unb.ca.jnetpcap.worker.ReadPcapFileWorker    Working on... C:\Program Files\Wireshark\04_01.pcap
2024-01-04 22:42:49 DEBUG cic.cs.unb.ca.jnetpcap.PacketReader    Invalid [0,60,60) range.
JMemory: JMemory@29fff22f33cclass org.jnetpcap.protocol.network.Ip4: size=20 bytes
JMemory: owner=nio.JMemoryPool$Block.class(size=32768/offset=1548)
********************************************************************************
0000:*ff ff ff ff  ff ff b0 a4  60 e7 47 f8  08 06 00 01    ........`.G.....
0010: 08 00 06 04  00 01 b0 a4  60 e7 47 f8  c0 a8 00 73    ........`.G....s
0020: 00 00 00 00  00 00 c0 a8  00 01                       ..........      


2024-01-04 22:42:49 DEBUG cic.cs.unb.ca.jnetpcap.PacketReader    Invalid [0,60,60) range.
JMemory: JMemory@29fff22f9eeclass org.jnetpcap.protocol.network.Ip4: size=20 bytes
JMemory: owner=nio.JMemoryPool$Block.class(size=32768/offset=3262)
********************************************************************************
0000:*ff ff ff ff  ff ff b0 a4  60 e7 47 f8  08 06 00 01    ........`.G.....
0010: 08 00 06 04  00 01 b0 a4  60 e7 47 f8  c0 a8 00 73    ........`.G....s
0020: 00 00 00 00  00 00 c0 a8  00 01                       ..........      


2024-01-04 22:42:49 DEBUG cic.cs.unb.ca.jnetpcap.PacketReader    Invalid [0,60,60) range.
JMemory: JMemory@29fff22f9eeclass org.jnetpcap.protocol.network.Ip4: size=20 bytes
JMemory: owner=nio.JMemoryPool$Block.class(size=32768/offset=3262)
********************************************************************************
0000:*ff ff ff ff  ff ff b0 a4  60 e7 47 f8  08 06 00 01    ........`.G.....
0010: 08 00 06 04  00 01 b0 a4  60 e7 47 f8  c0 a8 00 73    ........`.G....s
0020: 00 00 00 00  00 00 c0 a8  00 01                       ..........      


2024-01-04 22:42:49 DEBUG cic.cs.unb.ca.jnetpcap.PacketReader    Invalid [0,60,60) range.
JMemory: JMemory@29fff22fae6class org.jnetpcap.protocol.network.Ip4: size=20 bytes
JMemory: owner=nio.JMemoryPool$Block.class(size=32768/offset=3510)
********************************************************************************
0000:*ff ff ff ff  ff ff b0 a4  60 e7 47 f8  08 06 00 01    ........`.G.....
0010: 08 00 06 04  00 01 b0 a4  60 e7 47 f8  c0 a8 00 73    ........`.G....s
0020: 00 00 00 00  00 00 c0 a8  00 73                       .........s      


2024-01-04 22:42:49 DEBUG cic.cs.unb.ca.jnetpcap.PacketReader    Invalid [0,60,60) range.
JMemory: JMemory@29fff22fba2class org.jnetpcap.protocol.network.Ip4: size=20 bytes
JMemory: owner=nio.JMemoryPool$Block.class(size=32768/offset=3698)
********************************************************************************
0000:*ff ff ff ff  ff ff b0 a4  60 e7 47 f8  08 06 00 01    ........`.G.....
0010: 08 00 06 04  00 01 b0 a4  60 e7 47 f8  c0 a8 00 73    ........`.G....s
0020: 00 00 00 00  00 00 c0 a8  00 01                       ..........      


2024-01-04 22:42:49 DEBUG cic.cs.unb.ca.jnetpcap.PacketReader    Invalid [0,60,60) range.
JMemory: JMemory@29fff22fba2class org.jnetpcap.protocol.network.Ip4: size=20 bytes
JMemory: owner=nio.JMemoryPool$Block.class(size=32768/offset=3698)
********************************************************************************
0000:*ff ff ff ff  ff ff b0 a4  60 e7 47 f8  08 06 00 01    ........`.G.....
0010: 08 00 06 04  00 01 b0 a4  60 e7 47 f8  c0 a8 00 73    ........`.G....s
0020: 00 00 00 00  00 00 c0 a8  00 01                       ..........      


2024-01-04 22:42:49 DEBUG cic.cs.unb.ca.jnetpcap.PacketReader    Invalid [0,60,60) range.
JMemory: JMemory@29fff22fe1aclass org.jnetpcap.protocol.network.Ip4: size=20 bytes
JMemory: owner=nio.JMemoryPool$Block.class(size=32768/offset=4330)
********************************************************************************
0000:*ff ff ff ff  ff ff b0 a4  60 e7 47 f8  08 06 00 01    ........`.G.....
0010: 08 00 06 04  00 01 b0 a4  60 e7 47 f8  c0 a8 00 73    ........`.G....s
0020: 00 00 00 00  00 00 c0 a8  00 01                       ..........      


2024-01-04 22:42:49 DEBUG cic.cs.unb.ca.jnetpcap.PacketReader    Invalid [0,48,48) range.
JMemory: JMemory@29fff22ffc8class org.jnetpcap.protocol.network.Ip4: size=32 bytes
JMemory: owner=nio.JMemoryPool$Block.class(size=32768/offset=4760)
********************************************************************************
0000:*9c 53 22 76  f0 fe f8 89  d2 43 84 e9  08 06 00 01    .S"v.....C......
0010: 08 00 06 04  00 02 f8 89  d2 43 84 e9  c0 a8 00 77    .........C.....w
0020: 9c 53 22 76  f0 fe c0 a8  00 01                       .S"v......      


2024-01-04 22:42:49 DEBUG cic.cs.unb.ca.jnetpcap.PacketReader    Invalid [0,48,48) range.
JMemory: JMemory@29fff230222class org.jnetpcap.protocol.network.Ip4: size=32 bytes
JMemory: owner=nio.JMemoryPool$Block.class(size=32768/offset=5362)
********************************************************************************
0000:*9c 53 22 76  f0 fe f8 89  d2 43 84 e9  08 06 00 01    .S"v.....C......
0010: 08 00 06 04  00 02 f8 89  d2 43 84 e9  c0 a8 00 77    .........C.....w
0020: 9c 53 22 76  f0 fe c0 a8  00 01                       .S"v......      


2024-01-04 22:42:49 DEBUG cic.cs.unb.ca.jnetpcap.PacketReader    Invalid [0,48,48) range.
JMemory: JMemory@29fff230494class org.jnetpcap.protocol.network.Ip4: size=32 bytes
JMemory: owner=nio.JMemoryPool$Block.class(size=32768/offset=5988)
********************************************************************************
0000:*9c 53 22 76  f0 fe f8 89  d2 43 84 e9  08 06 00 01    .S"v.....C......
0010: 08 00 06 04  00 02 f8 89  d2 43 84 e9  c0 a8 00 77    .........C.....w
0020: 9c 53 22 76  f0 fe c0 a8  00 01                       .S"v......      


2024-01-04 22:42:49 DEBUG cic.cs.unb.ca.jnetpcap.PacketReader    Invalid [0,48,48) range.
JMemory: JMemory@29fff231cf8class org.jnetpcap.protocol.network.Ip4: size=32 bytes
JMemory: owner=nio.JMemoryPool$Block.class(size=32768/offset=12232)
********************************************************************************
0000:*9c 53 22 76  f0 fe f8 89  d2 43 84 e9  08 06 00 01    .S"v.....C......
0010: 08 00 06 04  00 02 f8 89  d2 43 84 e9  c0 a8 00 77    .........C.....w
0020: 9c 53 22 76  f0 fe c0 a8  00 01                       .S"v......      


2024-01-04 22:42:49 DEBUG cic.cs.unb.ca.jnetpcap.PacketReader    Invalid [0,48,48) range.
JMemory: JMemory@29fff231f4eclass org.jnetpcap.protocol.network.Ip4: size=32 bytes
JMemory: owner=nio.JMemoryPool$Block.class(size=32768/offset=12830)
********************************************************************************
0000:*9c 53 22 76  f0 fe f8 89  d2 43 84 e9  08 06 00 01    .S"v.....C......
0010: 08 00 06 04  00 02 f8 89  d2 43 84 e9  c0 a8 00 77    .........C.....w
0020: 9c 53 22 76  f0 fe c0 a8  00 01                       .S"v......      


2024-01-04 22:42:49 DEBUG cic.cs.unb.ca.jnetpcap.PacketReader    Invalid [0,48,48) range.
JMemory: JMemory@29fff232134class org.jnetpcap.protocol.network.Ip4: size=32 bytes
JMemory: owner=nio.JMemoryPool$Block.class(size=32768/offset=13316)
********************************************************************************
0000:*9c 53 22 76  f0 fe f8 89  d2 43 84 e9  08 06 00 01    .S"v.....C......
0010: 08 00 06 04  00 02 f8 89  d2 43 84 e9  c0 a8 00 77    .........C.....w
0020: 9c 53 22 76  f0 fe c0 a8  00 01                       .S"v......      


2024-01-04 22:42:49 DEBUG cic.cs.unb.ca.jnetpcap.FlowGenerator    FlagFIN current has 31 flow
2024-01-04 22:42:49 DEBUG cic.cs.unb.ca.jnetpcap.PacketReader    Invalid [0,48,48) range.
JMemory: JMemory@29fff234a50class org.jnetpcap.protocol.network.Ip4: size=32 bytes
JMemory: owner=nio.JMemoryPool$Block.class(size=32768/offset=23840)
********************************************************************************
0000:*9c 53 22 76  f0 fe f8 89  d2 43 84 e9  08 06 00 01    .S"v.....C......
0010: 08 00 06 04  00 02 f8 89  d2 43 84 e9  c0 a8 00 77    .........C.....w
0020: 9c 53 22 76  f0 fe c0 a8  00 01                       .S"v......      


2024-01-04 22:42:49 DEBUG cic.cs.unb.ca.jnetpcap.PacketReader    Invalid [0,48,48) range.
JMemory: JMemory@29fff234ad8class org.jnetpcap.protocol.network.Ip4: size=32 bytes
JMemory: owner=nio.JMemoryPool$Block.class(size=32768/offset=23976)
********************************************************************************
0000:*9c 53 22 76  f0 fe f8 89  d2 43 84 e9  08 06 00 01    .S"v.....C......
0010: 08 00 06 04  00 02 f8 89  d2 43 84 e9  c0 a8 00 77    .........C.....w
0020: 9c 53 22 76  f0 fe c0 a8  00 01                       .S"v......      


2024-01-04 22:42:49 DEBUG cic.cs.unb.ca.jnetpcap.PacketReader    Invalid [0,48,48) range.
JMemory: JMemory@29fff234be0class org.jnetpcap.protocol.network.Ip4: size=32 bytes
JMemory: owner=nio.JMemoryPool$Block.class(size=32768/offset=24240)
********************************************************************************
0000:*9c 53 22 76  f0 fe f8 89  d2 43 84 e9  08 06 00 01    .S"v.....C......
0010: 08 00 06 04  00 02 f8 89  d2 43 84 e9  c0 a8 00 77    .........C.....w
0020: 9c 53 22 76  f0 fe c0 a8  00 01                       .S"v......      


2024-01-04 22:42:49 DEBUG cic.cs.unb.ca.jnetpcap.FlowGenerator    FlagFIN current has 45 flow
2024-01-04 22:42:49 DEBUG cic.cs.unb.ca.jnetpcap.PacketReader    Read All packets on C:\Program Files\Wireshark\04_01.pcap
2024-01-04 22:50:36 INFO  cic.cs.unb.ca.flow.ui.FlowOfflinePane    startRead: For input string: "12000000000000000000"
2024-01-04 22:51:15 INFO  cic.cs.unb.ca.jnetpcap.worker.TrafficFlowWorker    Pcap is listening...
2024-01-04 22:51:47 INFO  cic.cs.unb.ca.flow.ui.FlowMonitorPane    Pcap stop listening
2024-01-04 22:51:47 INFO  cic.cs.unb.ca.flow.ui.FlowMonitorPane    path:C:\Users\Dinesh M\Downloads\CICFlowmeter\bin\data\daily\2024-01-04_Flow.csv
2024-01-04 22:51:51 INFO  cic.cs.unb.ca.jnetpcap.worker.TrafficFlowWorker    Pcap is listening...
2024-01-04 22:59:41 INFO  cic.cs.unb.ca.jnetpcap.worker.TrafficFlowWorker    Pcap is listening...
2024-01-04 23:00:36 INFO  cic.cs.unb.ca.jnetpcap.worker.TrafficFlowWorker    Pcap is listening...
2024-01-04 23:01:05 INFO  cic.cs.unb.ca.flow.ui.FlowMonitorPane    Pcap stop listening
2024-01-04 23:01:05 INFO  cic.cs.unb.ca.flow.ui.FlowMonitorPane    path:C:\Users\Dinesh M\Downloads\CICFlowmeter\bin\data\daily\2024-01-04_Flow.csv
2024-01-04 23:02:44 INFO  cic.cs.unb.ca.jnetpcap.worker.TrafficFlowWorker    Pcap is listening...
2024-01-04 23:03:27 INFO  cic.cs.unb.ca.flow.ui.FlowMonitorPane    Pcap stop listening
2024-01-04 23:03:27 INFO  cic.cs.unb.ca.flow.ui.FlowMonitorPane    path:C:\Users\Dinesh M\Downloads\CICFlowmeter\bin\data\daily\2024-01-04_Flow.csv
2024-01-04 23:06:09 INFO  cic.cs.unb.ca.jnetpcap.worker.TrafficFlowWorker    Pcap is listening...
2024-01-04 23:09:33 DEBUG swing.common.SwingUtils    C:\DumpStack.log (Access is denied)
2024-01-04 23:09:52 DEBUG cic.cs.unb.ca.flow.ui.FlowOfflinePane    offline select input C:\Program Files\Wireshark\normal.pcap
2024-01-04 23:09:58 DEBUG cic.cs.unb.ca.flow.ui.FlowOfflinePane    offline select output C:\Program Files\Wireshark
2024-01-04 23:10:00 DEBUG cic.cs.unb.ca.jnetpcap.worker.ReadPcapFileWorker    Working on... C:\Program Files\Wireshark\normal.pcap
2024-01-04 23:10:00 DEBUG cic.cs.unb.ca.jnetpcap.PacketReader    Read All packets on C:\Program Files\Wireshark\normal.pcap
2024-01-04 23:10:00 DEBUG cic.cs.unb.ca.jnetpcap.FlowGenerator    Access is denied
2024-01-04 23:10:00 DEBUG cic.cs.unb.ca.jnetpcap.Utils    C:\Program Files\Wireshark\normal.pcap_Flow.csv (The system cannot find the file specified)
2024-01-04 23:10:16 DEBUG cic.cs.unb.ca.jnetpcap.worker.ReadPcapFileWorker    Working on... C:\Program Files\Wireshark\normal.pcap
2024-01-04 23:10:16 DEBUG cic.cs.unb.ca.jnetpcap.PacketReader    Read All packets on C:\Program Files\Wireshark\normal.pcap
2024-01-04 23:10:16 DEBUG cic.cs.unb.ca.jnetpcap.FlowGenerator    Access is denied
2024-01-04 23:10:16 DEBUG cic.cs.unb.ca.jnetpcap.Utils    C:\Program Files\Wireshark\normal.pcap_Flow.csv (The system cannot find the file specified)
2024-01-04 23:10:19 DEBUG cic.cs.unb.ca.jnetpcap.worker.ReadPcapFileWorker    Working on... C:\Program Files\Wireshark\normal.pcap
2024-01-04 23:10:19 DEBUG cic.cs.unb.ca.jnetpcap.PacketReader    Read All packets on C:\Program Files\Wireshark\normal.pcap
2024-01-04 23:10:19 DEBUG cic.cs.unb.ca.jnetpcap.FlowGenerator    Access is denied
2024-01-04 23:10:19 DEBUG cic.cs.unb.ca.jnetpcap.Utils    C:\Program Files\Wireshark\normal.pcap_Flow.csv (The system cannot find the file specified)
2024-01-04 23:15:24 INFO  cic.cs.unb.ca.jnetpcap.worker.TrafficFlowWorker    Pcap is listening...
2024-01-04 23:15:52 INFO  cic.cs.unb.ca.jnetpcap.worker.TrafficFlowWorker    Pcap is listening...
2024-01-04 23:16:45 INFO  cic.cs.unb.ca.flow.ui.FlowMonitorPane    Pcap stop listening
2024-01-04 23:16:45 INFO  cic.cs.unb.ca.flow.ui.FlowMonitorPane    path:F:\CICFlowmeter\bin\data\daily\2024-01-04_Flow.csv
