2024-01-05 07:56:36 INFO  cic.cs.unb.ca.jnetpcap.worker.TrafficFlowWorker    Pcap is listening...
2024-01-05 07:56:43 DEBUG cic.cs.unb.ca.jnetpcap.FlowGenerator    FlagFIN current has 319 flow
2024-01-05 07:56:43 DEBUG cic.cs.unb.ca.jnetpcap.FlowGenerator    FlagFIN current has 318 flow
2024-01-05 07:56:54 DEBUG cic.cs.unb.ca.jnetpcap.FlowGenerator    FlagFIN current has 615 flow
2024-01-05 07:56:54 DEBUG cic.cs.unb.ca.jnetpcap.FlowGenerator    FlagFIN current has 615 flow
2024-01-05 07:57:02 DEBUG cic.cs.unb.ca.jnetpcap.FlowGenerator    FlagFIN current has 654 flow
2024-01-05 07:57:02 DEBUG cic.cs.unb.ca.jnetpcap.FlowGenerator    FlagFIN current has 653 flow
2024-01-05 07:57:02 DEBUG cic.cs.unb.ca.jnetpcap.FlowGenerator    FlagFIN current has 652 flow
2024-01-05 07:57:02 DEBUG cic.cs.unb.ca.jnetpcap.FlowGenerator    FlagFIN current has 651 flow
2024-01-05 07:57:02 DEBUG cic.cs.unb.ca.jnetpcap.FlowGenerator    FlagFIN current has 650 flow
2024-01-05 07:57:02 DEBUG cic.cs.unb.ca.jnetpcap.FlowGenerator    FlagFIN current has 649 flow
2024-01-05 07:57:02 DEBUG cic.cs.unb.ca.jnetpcap.FlowGenerator    FlagFIN current has 649 flow
2024-01-05 07:57:02 DEBUG cic.cs.unb.ca.jnetpcap.FlowGenerator    FlagFIN current has 650 flow
2024-01-05 07:57:02 DEBUG cic.cs.unb.ca.jnetpcap.FlowGenerator    FlagFIN current has 651 flow
2024-01-05 07:57:02 DEBUG cic.cs.unb.ca.jnetpcap.FlowGenerator    FlagFIN current has 651 flow
2024-01-05 07:57:02 DEBUG cic.cs.unb.ca.jnetpcap.FlowGenerator    FlagFIN current has 651 flow
2024-01-05 07:57:02 DEBUG cic.cs.unb.ca.jnetpcap.FlowGenerator    FlagFIN current has 653 flow
2024-01-05 07:57:22 DEBUG cic.cs.unb.ca.jnetpcap.FlowGenerator    FlagFIN current has 744 flow
2024-01-05 07:57:34 DEBUG cic.cs.unb.ca.jnetpcap.FlowGenerator    FlagFIN current has 745 flow
2024-01-05 07:57:34 DEBUG cic.cs.unb.ca.jnetpcap.FlowGenerator    FlagFIN current has 751 flow
2024-01-05 07:57:34 DEBUG cic.cs.unb.ca.jnetpcap.FlowGenerator    FlagFIN current has 753 flow
2024-01-05 07:57:40 DEBUG cic.cs.unb.ca.jnetpcap.FlowGenerator    FlagFIN current has 851 flow
2024-01-05 07:57:47 DEBUG cic.cs.unb.ca.jnetpcap.FlowGenerator    FlagFIN current has 854 flow
2024-01-05 07:57:47 DEBUG cic.cs.unb.ca.jnetpcap.FlowGenerator    FlagFIN current has 857 flow
2024-01-05 07:57:47 DEBUG cic.cs.unb.ca.jnetpcap.FlowGenerator    FlagFIN current has 857 flow
2024-01-05 07:57:47 DEBUG cic.cs.unb.ca.jnetpcap.FlowGenerator    FlagFIN current has 857 flow
2024-01-05 07:57:47 DEBUG cic.cs.unb.ca.jnetpcap.FlowGenerator    FlagFIN current has 862 flow
2024-01-05 07:58:00 DEBUG cic.cs.unb.ca.jnetpcap.FlowGenerator    FlagFIN current has 874 flow
2024-01-05 07:58:00 DEBUG cic.cs.unb.ca.jnetpcap.FlowGenerator    FlagFIN current has 874 flow
2024-01-05 07:58:00 DEBUG cic.cs.unb.ca.jnetpcap.FlowGenerator    FlagFIN current has 875 flow
2024-01-05 07:58:00 DEBUG cic.cs.unb.ca.jnetpcap.FlowGenerator    FlagFIN current has 875 flow
2024-01-05 07:58:00 DEBUG cic.cs.unb.ca.jnetpcap.FlowGenerator    FlagFIN current has 879 flow
2024-01-05 07:58:00 DEBUG cic.cs.unb.ca.jnetpcap.FlowGenerator    FlagFIN current has 879 flow
2024-01-05 07:58:21 DEBUG cic.cs.unb.ca.jnetpcap.FlowGenerator    FlagFIN current has 888 flow
2024-01-05 07:58:21 DEBUG cic.cs.unb.ca.jnetpcap.FlowGenerator    FlagFIN current has 888 flow
2024-01-05 07:58:49 DEBUG cic.cs.unb.ca.jnetpcap.FlowGenerator    FlagFIN current has 890 flow
2024-01-05 07:59:33 DEBUG cic.cs.unb.ca.jnetpcap.FlowGenerator    FlagFIN current has 926 flow
2024-01-05 07:59:33 DEBUG cic.cs.unb.ca.jnetpcap.FlowGenerator    FlagFIN current has 929 flow
2024-01-05 07:59:33 DEBUG cic.cs.unb.ca.jnetpcap.FlowGenerator    FlagFIN current has 929 flow
2024-01-05 08:00:03 DEBUG cic.cs.unb.ca.jnetpcap.FlowGenerator    FlagFIN current has 976 flow
2024-01-05 08:00:04 DEBUG cic.cs.unb.ca.jnetpcap.FlowGenerator    FlagFIN current has 978 flow
2024-01-05 08:00:04 DEBUG cic.cs.unb.ca.jnetpcap.FlowGenerator    FlagFIN current has 982 flow
2024-01-05 08:00:04 DEBUG cic.cs.unb.ca.jnetpcap.FlowGenerator    FlagFIN current has 983 flow
2024-01-05 08:00:05 DEBUG cic.cs.unb.ca.jnetpcap.FlowGenerator    FlagFIN current has 983 flow
2024-01-05 08:00:06 DEBUG cic.cs.unb.ca.jnetpcap.FlowGenerator    FlagFIN current has 989 flow
2024-01-05 08:00:06 DEBUG cic.cs.unb.ca.jnetpcap.FlowGenerator    FlagFIN current has 989 flow
2024-01-05 08:00:06 DEBUG cic.cs.unb.ca.jnetpcap.FlowGenerator    FlagFIN current has 989 flow
2024-01-05 08:00:24 DEBUG cic.cs.unb.ca.jnetpcap.FlowGenerator    FlagFIN current has 1007 flow
2024-01-05 08:00:29 DEBUG cic.cs.unb.ca.jnetpcap.FlowGenerator    FlagFIN current has 1043 flow
2024-01-05 08:00:34 DEBUG cic.cs.unb.ca.jnetpcap.FlowGenerator    FlagFIN current has 1043 flow
2024-01-05 08:00:34 DEBUG cic.cs.unb.ca.jnetpcap.FlowGenerator    FlagFIN current has 1053 flow
2024-01-05 08:00:52 DEBUG cic.cs.unb.ca.jnetpcap.FlowGenerator    FlagFIN current has 1102 flow
2024-01-05 08:00:52 DEBUG cic.cs.unb.ca.jnetpcap.FlowGenerator    FlagFIN current has 1102 flow
2024-01-05 08:01:12 DEBUG cic.cs.unb.ca.jnetpcap.FlowGenerator    FlagFIN current has 1167 flow
2024-01-05 08:01:12 DEBUG cic.cs.unb.ca.jnetpcap.FlowGenerator    FlagFIN current has 1167 flow
2024-01-05 08:01:14 DEBUG cic.cs.unb.ca.jnetpcap.FlowGenerator    FlagFIN current has 1167 flow
2024-01-05 08:01:14 DEBUG cic.cs.unb.ca.jnetpcap.FlowGenerator    FlagFIN current has 1168 flow
2024-01-05 08:01:14 DEBUG cic.cs.unb.ca.jnetpcap.FlowGenerator    FlagFIN current has 1175 flow
2024-01-05 08:01:14 DEBUG cic.cs.unb.ca.jnetpcap.FlowGenerator    FlagFIN current has 1175 flow
2024-01-05 08:01:14 DEBUG cic.cs.unb.ca.jnetpcap.FlowGenerator    FlagFIN current has 1175 flow
2024-01-05 08:01:15 DEBUG cic.cs.unb.ca.jnetpcap.FlowGenerator    FlagFIN current has 1176 flow
2024-01-05 08:01:15 DEBUG cic.cs.unb.ca.jnetpcap.FlowGenerator    FlagFIN current has 1176 flow
2024-01-05 08:01:15 DEBUG cic.cs.unb.ca.jnetpcap.FlowGenerator    FlagFIN current has 1176 flow
2024-01-05 08:01:17 DEBUG cic.cs.unb.ca.jnetpcap.FlowGenerator    FlagFIN current has 1178 flow
2024-01-05 08:01:17 DEBUG cic.cs.unb.ca.jnetpcap.FlowGenerator    FlagFIN current has 1178 flow
2024-01-05 08:01:17 DEBUG cic.cs.unb.ca.jnetpcap.FlowGenerator    FlagFIN current has 1179 flow
2024-01-05 08:01:17 DEBUG cic.cs.unb.ca.jnetpcap.FlowGenerator    FlagFIN current has 1179 flow
2024-01-05 08:01:19 DEBUG cic.cs.unb.ca.jnetpcap.FlowGenerator    FlagFIN current has 1181 flow
2024-01-05 08:01:19 DEBUG cic.cs.unb.ca.jnetpcap.FlowGenerator    FlagFIN current has 1181 flow
2024-01-05 08:01:19 DEBUG cic.cs.unb.ca.jnetpcap.FlowGenerator    FlagFIN current has 1182 flow
2024-01-05 08:01:19 DEBUG cic.cs.unb.ca.jnetpcap.FlowGenerator    FlagFIN current has 1182 flow
2024-01-05 08:01:28 DEBUG cic.cs.unb.ca.jnetpcap.FlowGenerator    FlagFIN current has 1183 flow
2024-01-05 08:01:28 DEBUG cic.cs.unb.ca.jnetpcap.FlowGenerator    FlagFIN current has 1183 flow
2024-01-05 08:01:28 DEBUG cic.cs.unb.ca.jnetpcap.FlowGenerator    FlagFIN current has 1184 flow
2024-01-05 08:01:28 DEBUG cic.cs.unb.ca.jnetpcap.FlowGenerator    FlagFIN current has 1184 flow
2024-01-05 08:01:53 DEBUG cic.cs.unb.ca.jnetpcap.FlowGenerator    FlagFIN current has 1223 flow
2024-01-05 08:01:53 DEBUG cic.cs.unb.ca.jnetpcap.FlowGenerator    FlagFIN current has 1223 flow
2024-01-05 08:01:53 DEBUG cic.cs.unb.ca.jnetpcap.FlowGenerator    FlagFIN current has 1225 flow
2024-01-05 08:01:53 DEBUG cic.cs.unb.ca.jnetpcap.FlowGenerator    FlagFIN current has 1225 flow
2024-01-05 08:01:53 DEBUG cic.cs.unb.ca.jnetpcap.FlowGenerator    FlagFIN current has 1225 flow
2024-01-05 08:02:00 DEBUG cic.cs.unb.ca.jnetpcap.FlowGenerator    FlagFIN current has 1247 flow
2024-01-05 08:02:18 DEBUG cic.cs.unb.ca.jnetpcap.FlowGenerator    Timeout current has 1250 flow
2024-01-05 08:02:18 DEBUG cic.cs.unb.ca.jnetpcap.FlowGenerator    Timeout current has 1250 flow
2024-01-05 08:02:18 DEBUG cic.cs.unb.ca.jnetpcap.FlowGenerator    FlagFIN current has 1250 flow
2024-01-05 08:02:18 DEBUG cic.cs.unb.ca.jnetpcap.FlowGenerator    FlagFIN current has 1249 flow
2024-01-05 08:02:18 DEBUG cic.cs.unb.ca.jnetpcap.FlowGenerator    FlagFIN current has 1248 flow
2024-01-05 08:02:18 DEBUG cic.cs.unb.ca.jnetpcap.FlowGenerator    FlagFIN current has 1248 flow
2024-01-05 08:02:18 DEBUG cic.cs.unb.ca.jnetpcap.FlowGenerator    FlagFIN current has 1248 flow
2024-01-05 08:02:18 DEBUG cic.cs.unb.ca.jnetpcap.FlowGenerator    FlagFIN current has 1248 flow
2024-01-05 08:03:07 DEBUG cic.cs.unb.ca.jnetpcap.FlowGenerator    FlagFIN current has 1260 flow
2024-01-05 08:03:07 DEBUG cic.cs.unb.ca.jnetpcap.FlowGenerator    FlagFIN current has 1260 flow
2024-01-05 08:03:13 DEBUG cic.cs.unb.ca.jnetpcap.FlowGenerator    FlagFIN current has 1265 flow
2024-01-05 08:04:12 DEBUG cic.cs.unb.ca.jnetpcap.FlowGenerator    FlagFIN current has 1281 flow
2024-01-05 08:04:12 DEBUG cic.cs.unb.ca.jnetpcap.FlowGenerator    FlagFIN current has 1281 flow
2024-01-05 08:05:10 DEBUG cic.cs.unb.ca.jnetpcap.FlowGenerator    FlagFIN current has 1282 flow
2024-01-05 08:05:10 DEBUG cic.cs.unb.ca.jnetpcap.FlowGenerator    FlagFIN current has 1282 flow
2024-01-05 08:05:13 DEBUG cic.cs.unb.ca.jnetpcap.FlowGenerator    FlagFIN current has 1290 flow
2024-01-05 08:05:14 DEBUG cic.cs.unb.ca.jnetpcap.FlowGenerator    FlagFIN current has 1290 flow
2024-01-05 08:05:52 DEBUG cic.cs.unb.ca.jnetpcap.FlowGenerator    FlagFIN current has 1297 flow
2024-01-05 08:05:52 DEBUG cic.cs.unb.ca.jnetpcap.FlowGenerator    FlagFIN current has 1297 flow
2024-01-05 08:05:55 DEBUG cic.cs.unb.ca.jnetpcap.FlowGenerator    FlagFIN current has 1298 flow
2024-01-05 08:05:55 DEBUG cic.cs.unb.ca.jnetpcap.FlowGenerator    FlagFIN current has 1298 flow
2024-01-05 08:06:00 DEBUG cic.cs.unb.ca.jnetpcap.FlowGenerator    FlagFIN current has 1300 flow
2024-01-05 08:06:00 DEBUG cic.cs.unb.ca.jnetpcap.FlowGenerator    FlagFIN current has 1300 flow
2024-01-05 08:06:00 DEBUG cic.cs.unb.ca.jnetpcap.FlowGenerator    Timeout current has 1300 flow
2024-01-05 08:06:00 DEBUG cic.cs.unb.ca.jnetpcap.FlowGenerator    Timeout current has 1300 flow
2024-01-05 08:06:03 INFO  cic.cs.unb.ca.flow.ui.FlowMonitorPane    Pcap stop listening
2024-01-05 08:06:03 INFO  cic.cs.unb.ca.flow.ui.FlowMonitorPane    path:F:\CICFlowmeter\bin\data\daily\2024-01-05_Flow.csv
