2021-09-27 14:32:31 - Pcap is listening...
2021-09-27 14:35:48 - Pcap stop listening
2021-09-27 14:35:48 - path:D:\cicflowmeter-4\CICFlowMeter-4.0\bin\data\daily\2021-09-27_Flow.csv
2021-09-27 14:42:50 - path:D:\cicflowmeter-4\CICFlowMeter-4.0\bin\data\daily\2021-09-27_Flow.csv
2021-09-27 14:49:50 - Pcap is listening...
2021-09-27 14:52:55 - Pcap stop listening
2021-09-27 14:52:55 - path:C:\Users\Network Lab\Desktop\J L Shreya\CICFlowMeter and ISCXFlowMeter\cicflowmeter-4\CICFlowMeter-4.0\bin\data\daily\2021-09-27_Flow.csv
2021-09-27 14:53:05 - Pcap is listening...
2021-09-27 14:54:31 - Pcap stop listening
2021-09-27 14:54:31 - path:C:\Users\Network Lab\Desktop\J L Shreya\CICFlowMeter and ISCXFlowMeter\cicflowmeter-4\CICFlowMeter-4.0\bin\data\daily\2021-09-27_Flow.csv
2021-09-27 14:54:49 - path:C:\Users\Network Lab\Desktop\J L Shreya\CICFlowMeter and ISCXFlowMeter\cicflowmeter-4\CICFlowMeter-4.0\bin\data\daily\2021-09-27_Flow.csv
2021-09-27 14:54:49 - path:C:\Users\Network Lab\Desktop\J L Shreya\CICFlowMeter and ISCXFlowMeter\cicflowmeter-4\CICFlowMeter-4.0\bin\data\daily\2021-09-27_Flow.csv
2021-09-27 14:56:26 - Pcap is listening...
2021-09-27 16:01:14 - Pcap stop listening
2021-09-27 16:01:14 - path:C:\Users\Network Lab\Desktop\J L Shreya\CICFlowMeter and ISCXFlowMeter\cicflowmeter-4\CICFlowMeter-4.0\bin\data\daily\2021-09-27_Flow.csv
2021-09-29 19:01:19 - Pcap is listening...
2021-09-29 19:04:20 - Pcap stop listening
2021-09-29 19:04:20 - path:C:\Users\Network Lab\Desktop\J L Shreya\CICFlowMeter and ISCXFlowMeter\cicflowmeter-4\CICFlowMeter-4.0\bin\data\daily\2021-09-29_Flow.csv
2021-09-29 19:07:47 - path:C:\Users\Network Lab\Desktop\J L Shreya\CICFlowMeter and ISCXFlowMeter\cicflowmeter-4\CICFlowMeter-4.0\bin\data\daily\2021-09-29_Flow.csv
2021-12-19 20:29:20 - Pcap is listening...
2021-12-19 20:34:17 - Pcap stop listening
2021-12-19 20:34:17 - path:F:\CICFlowMeter-4.0\bin\data\daily\2021-12-19_Flow.csv
2021-12-19 20:40:47 - Pcap is listening...
2021-12-19 20:41:21 - Pcap stop listening
2021-12-19 20:41:22 - path:F:\CICFlowMeter-4.0\bin\data\daily\2021-12-19_Flow.csv
2023-04-02 20:15:04 - Please select pcap!
2023-04-02 20:24:48 - Pcap is listening...
2023-04-02 20:26:08 - Pcap stop listening
2023-04-02 20:26:08 - path:C:\Users\TribeConnect\Downloads\cicflowmeter\bin\data\daily\2023-04-02_Flow.csv
2023-04-02 20:26:11 - Pcap is listening...
2023-04-02 20:27:19 - Pcap stop listening
2023-04-02 20:27:19 - path:C:\Users\TribeConnect\Downloads\cicflowmeter\bin\data\daily\2023-04-02_Flow.csv
2023-04-02 20:27:20 - Pcap is listening...
2023-04-02 20:27:22 - Pcap stop listening
2023-04-02 20:27:22 - path:C:\Users\TribeConnect\Downloads\cicflowmeter\bin\data\daily\2023-04-02_Flow.csv
2024-01-04 21:55:42 - Pcap is listening...
2024-01-04 21:56:15 - Pcap stop listening
2024-01-04 21:56:15 - path:C:\Users\Dinesh M\Downloads\CICFlowmeter\bin\data\daily\2024-01-04_Flow.csv
2024-01-04 22:29:43 - Pcap is listening...
2024-01-04 22:30:10 - Pcap stop listening
2024-01-04 22:30:10 - path:C:\Users\Dinesh M\Downloads\CICFlowmeter\bin\data\daily\2024-01-04_Flow.csv
2024-01-04 22:30:19 - Pcap is listening...
2024-01-04 22:30:56 - Pcap stop listening
2024-01-04 22:30:56 - path:C:\Users\Dinesh M\Downloads\CICFlowmeter\bin\data\daily\2024-01-04_Flow.csv
2024-01-04 22:32:29 - Pcap is listening...
2024-01-04 22:32:33 - Pcap stop listening
2024-01-04 22:32:33 - path:C:\Users\Dinesh M\Downloads\CICFlowmeter\bin\data\daily\2024-01-04_Flow.csv
2024-01-04 22:32:48 - Pcap is listening...
2024-01-04 22:50:36 - startRead: For input string: "12000000000000000000"
2024-01-04 22:51:15 - Pcap is listening...
2024-01-04 22:51:47 - Pcap stop listening
2024-01-04 22:51:47 - path:C:\Users\Dinesh M\Downloads\CICFlowmeter\bin\data\daily\2024-01-04_Flow.csv
2024-01-04 22:51:51 - Pcap is listening...
2024-01-04 22:59:41 - Pcap is listening...
2024-01-04 23:00:36 - Pcap is listening...
2024-01-04 23:01:05 - Pcap stop listening
2024-01-04 23:01:05 - path:C:\Users\Dinesh M\Downloads\CICFlowmeter\bin\data\daily\2024-01-04_Flow.csv
2024-01-04 23:02:44 - Pcap is listening...
2024-01-04 23:03:27 - Pcap stop listening
2024-01-04 23:03:27 - path:C:\Users\Dinesh M\Downloads\CICFlowmeter\bin\data\daily\2024-01-04_Flow.csv
2024-01-04 23:06:09 - Pcap is listening...
2024-01-04 23:15:24 - Pcap is listening...
2024-01-04 23:15:52 - Pcap is listening...
2024-01-04 23:16:45 - Pcap stop listening
2024-01-04 23:16:45 - path:F:\CICFlowmeter\bin\data\daily\2024-01-04_Flow.csv
2024-01-05 07:56:36 - Pcap is listening...
2024-01-05 08:06:03 - Pcap stop listening
2024-01-05 08:06:03 - path:F:\CICFlowmeter\bin\data\daily\2024-01-05_Flow.csv
2024-01-06 00:04:55 - Pcap is listening...
